2013/06/07 18:31:26 [emerg] 12080#12116: invalid number of arguments in "root" directive in D:\nginx/conf/nginx.conf:85
2014/09/17 12:27:10 [emerg] 8772#5596: invalid URL prefix in E:\nginx/conf/nginx.conf:72
2015/09/02 13:17:53 [emerg] 9036#1316: CreateFile() "F:/tools/nginx-1.2.3/var/log/nginx/error.log" failed (3: The system cannot find the path specified)
2015/09/02 13:18:37 [emerg] 5832#1256: CreateFile() "F:/tools/nginx-1.2.3/var/log/nginx/error.log" failed (3: The system cannot find the path specified)
2015/09/02 13:19:38 [emerg] 668#9716: CreateFile() "F:/tools/nginx-1.2.3/var/log/nginx/access.log" failed (3: The system cannot find the path specified)
2015/09/02 13:19:48 [emerg] 14328#10212: CreateFile() "F:/tools/nginx-1.2.3/var/log/nginx/access.log" failed (3: The system cannot find the path specified)
2015/09/03 18:04:43 [emerg] 7408#1820: host not found in upstream "d00amp4web001.hma.com" in F:\nginx/conf/nginx.conf:60
2015/09/03 18:05:34 [emerg] 10752#5016: host not found in upstream "d00amp4web001.hma.com" in F:\nginx/conf/nginx.conf:60
2015/09/03 18:07:56 [emerg] 14088#6696: host not found in upstream "d00amp4web001.hma.com" in F:\nginx/conf/nginx.conf:60
2015/11/04 11:15:51 [emerg] 26208#19032: "proxy_pass" directive is duplicate in F:\nginx/conf/nginx.conf:67
2015/11/09 12:30:19 [emerg] 30536#19268: host not found in upstream "d00acdsdb0001.hma.com" in F:\nginx/conf/nginx.conf:60
2015/11/25 22:16:25 [emerg] 39036#35316: invalid URL prefix in F:\nginx/conf/nginx.conf:73
2015/11/25 22:16:45 [emerg] 40056#17908: invalid URL prefix in F:\nginx/conf/nginx.conf:73
2015/11/25 22:28:38 [warn] 13920#37204: server name "http://test-subdomain1.test-domain1.com/" has suspicious symbols in F:\nginx/conf/nginx.conf:56
2015/11/25 22:28:38 [warn] 38692#14988: server name "http://test-subdomain1.test-domain1.com/" has suspicious symbols in F:\nginx/conf/nginx.conf:56
2015/12/09 14:24:02 [emerg] 9400#3468: "proxy_pass" directive is not allowed here in F:\nginx/conf/nginx.conf:66
2015/12/09 14:24:42 [emerg] 9508#10088: "proxy_pass" directive is not allowed here in F:\nginx/conf/nginx.conf:66
2015/12/09 14:24:57 [emerg] 4304#4372: "proxy_pass" directive is not allowed here in F:\nginx/conf/nginx.conf:66
2017/07/24 15:48:21 [emerg] 17684#6732: host not found in upstream "d00acdsdb0001.hma.com" in E:\nginx/conf/nginx.conf:60
2017/07/24 15:52:10 [emerg] 15844#14736: invalid URL prefix in E:\nginx/conf/nginx.conf:60
2017/07/24 17:51:49 [emerg] 18840#19304: host not found in resolver "ipv6=off" in E:\nginx/conf/nginx.conf:67
2017/07/24 17:52:05 [emerg] 12356#16372: host not found in resolver "ipv6=off" in E:\nginx/conf/nginx.conf:67
2018/01/10 13:35:51 [emerg] 9420#9696: CreateFile() "C:/var/log/nginx/error.log" failed (3: The system cannot find the path specified)
2018/01/10 13:36:14 [emerg] 8508#780: CreateFile() "C:/var/log/nginx/error.log" failed (3: The system cannot find the path specified)
2018/01/10 13:36:36 [emerg] 8428#1268: CreateFile() "C:/var/log/nginx/error.log" failed (3: The system cannot find the path specified)
2018/01/18 18:11:49 [emerg] 5304#6152: duplicate location "/" in C:\Users\Hyderabad-Intern\eclipse-workspace\Pizza.github.io\nginx/conf/nginx.conf:66
2018/01/18 18:13:35 [emerg] 3488#8260: duplicate location "/" in C:\Users\Hyderabad-Intern\eclipse-workspace\Pizza.github.io\nginx/conf/nginx.conf:66
2018/01/18 18:15:06 [emerg] 8532#3120: CreateFile() "C:/var/log/nginx/error.log" failed (3: The system cannot find the path specified)
2018/01/18 18:16:22 [emerg] 4524#8188: CreateFile() "C:/var/log/nginx/error.log" failed (3: The system cannot find the path specified)
2018/01/18 18:19:52 [emerg] 8956#4524: CreateFile() "C:/var/log/nginx/error.log" failed (3: The system cannot find the path specified)
2018/01/18 18:19:55 [emerg] 5412#8564: CreateFile() "C:/var/log/nginx/error.log" failed (3: The system cannot find the path specified)
